{"C:\\Users\\vidha\\OneDrive\\Desktop\\react final\\src\\component\\Contact.js": {"path":"C:\\Users\\vidha\\OneDrive\\Desktop\\react final\\src\\component\\Contact.js","statementMap":{"0":{"start":{"line":1,"column":14},"end":{"line":10,"column":1}},"1":{"start":{"line":2,"column":3},"end":{"line":9,"column":6}}},"fnMap":{"0":{"name":"(anonymous_0)","decl":{"start":{"line":1,"column":14},"end":{"line":1,"column":15}},"loc":{"start":{"line":1,"column":18},"end":{"line":10,"column":1}},"line":1}},"branchMap":{},"s":{"0":1,"1":2},"f":{"0":2},"b":{},"_coverageSchema":"1a1c01bbd47fc00a2c39e90264f33305004495a9","hash":"11c52313a44d646837aef6d4f4104deaaf10af06"}
,"C:\\Users\\vidha\\OneDrive\\Desktop\\react final\\src\\component\\Header.js": {"path":"C:\\Users\\vidha\\OneDrive\\Desktop\\react final\\src\\component\\Header.js","statementMap":{"0":{"start":{"line":8,"column":14},"end":{"line":35,"column":2}},"1":{"start":{"line":9,"column":41},"end":{"line":9,"column":58}},"2":{"start":{"line":10,"column":21},"end":{"line":10,"column":38}},"3":{"start":{"line":11,"column":13},"end":{"line":11,"column":36}},"4":{"start":{"line":12,"column":18},"end":{"line":12,"column":56}},"5":{"start":{"line":12,"column":39},"end":{"line":12,"column":55}},"6":{"start":{"line":13,"column":4},"end":{"line":34,"column":5}},"7":{"start":{"line":27,"column":18},"end":{"line":27,"column":99}}},"fnMap":{"0":{"name":"(anonymous_0)","decl":{"start":{"line":8,"column":14},"end":{"line":8,"column":15}},"loc":{"start":{"line":8,"column":18},"end":{"line":35,"column":2}},"line":8},"1":{"name":"(anonymous_1)","decl":{"start":{"line":12,"column":30},"end":{"line":12,"column":31}},"loc":{"start":{"line":12,"column":39},"end":{"line":12,"column":55}},"line":12},"2":{"name":"(anonymous_2)","decl":{"start":{"line":26,"column":105},"end":{"line":26,"column":106}},"loc":{"start":{"line":26,"column":109},"end":{"line":28,"column":17}},"line":26}},"branchMap":{"0":{"loc":{"start":{"line":20,"column":68},"end":{"line":20,"column":89}},"type":"cond-expr","locations":[{"start":{"line":20,"column":81},"end":{"line":20,"column":84}},{"start":{"line":20,"column":85},"end":{"line":20,"column":89}}],"line":20},"1":{"loc":{"start":{"line":27,"column":25},"end":{"line":27,"column":98}},"type":"cond-expr","locations":[{"start":{"line":27,"column":48},"end":{"line":27,"column":73}},{"start":{"line":27,"column":74},"end":{"line":27,"column":98}}],"line":27}},"s":{"0":1,"1":4,"2":4,"3":4,"4":4,"5":7,"6":4,"7":1},"f":{"0":4,"1":7,"2":1},"b":{"0":[4,0],"1":[1,0]},"_coverageSchema":"1a1c01bbd47fc00a2c39e90264f33305004495a9","hash":"8ba7ebe636c890065c5b1f39ef58c67822c6c256"}
,"C:\\Users\\vidha\\OneDrive\\Desktop\\react final\\src\\component\\sum.js": {"path":"C:\\Users\\vidha\\OneDrive\\Desktop\\react final\\src\\component\\sum.js","statementMap":{"0":{"start":{"line":1,"column":17},"end":{"line":3,"column":1}},"1":{"start":{"line":2,"column":4},"end":{"line":2,"column":15}}},"fnMap":{"0":{"name":"(anonymous_0)","decl":{"start":{"line":1,"column":17},"end":{"line":1,"column":18}},"loc":{"start":{"line":1,"column":24},"end":{"line":3,"column":1}},"line":1}},"branchMap":{},"s":{"0":1,"1":1},"f":{"0":1},"b":{},"_coverageSchema":"1a1c01bbd47fc00a2c39e90264f33305004495a9","hash":"07f19e0c9370c7ccabe01fa9f565412a74b56224"}
,"C:\\Users\\vidha\\OneDrive\\Desktop\\react final\\src\\utils\\UserContext.js": {"path":"C:\\Users\\vidha\\OneDrive\\Desktop\\react final\\src\\utils\\UserContext.js","statementMap":{"0":{"start":{"line":2,"column":18},"end":{"line":4,"column":2}}},"fnMap":{},"branchMap":{},"s":{"0":1},"f":{},"b":{},"_coverageSchema":"1a1c01bbd47fc00a2c39e90264f33305004495a9","hash":"f1ee9ee23f99138f45603db12fbf21797b0c4fe0"}
,"C:\\Users\\vidha\\OneDrive\\Desktop\\react final\\src\\utils\\appStore.js": {"path":"C:\\Users\\vidha\\OneDrive\\Desktop\\react final\\src\\utils\\appStore.js","statementMap":{"0":{"start":{"line":3,"column":15},"end":{"line":7,"column":2}}},"fnMap":{},"branchMap":{},"s":{"0":1},"f":{},"b":{},"_coverageSchema":"1a1c01bbd47fc00a2c39e90264f33305004495a9","hash":"2059e3812e62f46e6b297bfab901f92e1743659a"}
,"C:\\Users\\vidha\\OneDrive\\Desktop\\react final\\src\\utils\\cartSlice.js": {"path":"C:\\Users\\vidha\\OneDrive\\Desktop\\react final\\src\\utils\\cartSlice.js","statementMap":{"0":{"start":{"line":3,"column":16},"end":{"line":22,"column":1}},"1":{"start":{"line":11,"column":16},"end":{"line":11,"column":49}},"2":{"start":{"line":14,"column":16},"end":{"line":14,"column":34}},"3":{"start":{"line":17,"column":16},"end":{"line":17,"column":37}},"4":{"start":{"line":24,"column":43},"end":{"line":24,"column":60}}},"fnMap":{"0":{"name":"(anonymous_0)","decl":{"start":{"line":10,"column":20},"end":{"line":10,"column":21}},"loc":{"start":{"line":10,"column":36},"end":{"line":12,"column":13}},"line":10},"1":{"name":"(anonymous_1)","decl":{"start":{"line":13,"column":23},"end":{"line":13,"column":24}},"loc":{"start":{"line":13,"column":39},"end":{"line":15,"column":13}},"line":13},"2":{"name":"(anonymous_2)","decl":{"start":{"line":16,"column":22},"end":{"line":16,"column":23}},"loc":{"start":{"line":16,"column":38},"end":{"line":18,"column":13}},"line":16}},"branchMap":{},"s":{"0":1,"1":0,"2":0,"3":0,"4":1},"f":{"0":0,"1":0,"2":0},"b":{},"_coverageSchema":"1a1c01bbd47fc00a2c39e90264f33305004495a9","hash":"f496ab33cc828e81d0e256599e5840f284e50f10"}
,"C:\\Users\\vidha\\OneDrive\\Desktop\\react final\\src\\utils\\constants.js": {"path":"C:\\Users\\vidha\\OneDrive\\Desktop\\react final\\src\\utils\\constants.js","statementMap":{"0":{"start":{"line":2,"column":0},"end":{"line":2,"column":78}},"1":{"start":{"line":4,"column":0},"end":{"line":4,"column":83}},"2":{"start":{"line":6,"column":26},"end":{"line":6,"column":149}},"3":{"start":{"line":7,"column":21},"end":{"line":7,"column":63}},"4":{"start":{"line":10,"column":23},"end":{"line":10,"column":213}}},"fnMap":{},"branchMap":{},"s":{"0":1,"1":1,"2":1,"3":1,"4":1},"f":{},"b":{},"_coverageSchema":"1a1c01bbd47fc00a2c39e90264f33305004495a9","hash":"fc9f0cd8c0f0e371a055848a2039e49ab768bf96"}
,"C:\\Users\\vidha\\OneDrive\\Desktop\\react final\\src\\utils\\useOnlineStatus.js": {"path":"C:\\Users\\vidha\\OneDrive\\Desktop\\react final\\src\\utils\\useOnlineStatus.js","statementMap":{"0":{"start":{"line":3,"column":22},"end":{"line":13,"column":1}},"1":{"start":{"line":4,"column":37},"end":{"line":4,"column":51}},"2":{"start":{"line":5,"column":0},"end":{"line":9,"column":6}},"3":{"start":{"line":6,"column":4},"end":{"line":8,"column":6}},"4":{"start":{"line":7,"column":8},"end":{"line":7,"column":31}},"5":{"start":{"line":12,"column":4},"end":{"line":12,"column":24}}},"fnMap":{"0":{"name":"(anonymous_0)","decl":{"start":{"line":3,"column":22},"end":{"line":3,"column":23}},"loc":{"start":{"line":3,"column":27},"end":{"line":13,"column":1}},"line":3},"1":{"name":"(anonymous_1)","decl":{"start":{"line":5,"column":10},"end":{"line":5,"column":11}},"loc":{"start":{"line":5,"column":14},"end":{"line":9,"column":1}},"line":5},"2":{"name":"(anonymous_2)","decl":{"start":{"line":6,"column":40},"end":{"line":6,"column":41}},"loc":{"start":{"line":6,"column":44},"end":{"line":8,"column":5}},"line":6}},"branchMap":{},"s":{"0":1,"1":4,"2":4,"3":3,"4":0,"5":4},"f":{"0":4,"1":3,"2":0},"b":{},"_coverageSchema":"1a1c01bbd47fc00a2c39e90264f33305004495a9","hash":"fbcb7043bd8cf91bc0cb63b9e06ec37eb58d48d9"}
}
